<?xml version="1.0" encoding="UTF-8"?>
<!-- Generated by org.testng.reporters.JUnitReportReporter -->
<testsuite hostname="DESKTOP-MRQR5EI" failures="0" tests="1" name="com.actitime.qa.testcases.UsersPageTest" time="17.921" errors="0" timestamp="21 Mar 2023 08:44:39 GMT" skipped="0">
  <testcase classname="com.actitime.qa.testcases.UsersPageTest" name="validateViewUserProfileTest" time="17.921"/>
</testsuite> <!-- com.actitime.qa.testcases.UsersPageTest -->
