<?xml version="1.0" encoding="UTF-8"?>
<!-- Generated by org.testng.reporters.JUnitReportReporter -->
<testsuite hostname="DESKTOP-MRQR5EI" failures="0" tests="3" name="com.actitime.qa.testcases.LoginPageTest" time="32.669" errors="0" timestamp="21 Mar 2023 04:26:38 GMT" skipped="0">
  <testcase classname="com.actitime.qa.testcases.LoginPageTest" name="loginPageLogoTest" time="11.308"/>
  <testcase classname="com.actitime.qa.testcases.LoginPageTest" name="LoginTest" time="11.715"/>
  <testcase classname="com.actitime.qa.testcases.LoginPageTest" name="LoginTest" time="9.646"/>
</testsuite> <!-- com.actitime.qa.testcases.LoginPageTest -->
